Translacja STEP do Solid Edge
Data: wtorek,sierpieñ 15,2023 07:45PM
Plik Ÿród³owy: D:\3d\arduino-robot-tutorial\stepper\files\28BYJ-48_v5.step
Autor: Unknown
Organizacja: Unknown
System Ÿród³owy: Autodesk Translation Framework v9.7.0.1280

Sprzêt:
Procesor: AMD Ryzen 7 3700X 8-Core Processor             
System operacyjny: Windows 11 Professional Version:22H2 Build:22621 System Type:64-bit
Zainstalowana pamiêæ: 31.93 GB

Informacje o oprogramowaniu
Wersja Parasolid: 35.0.149
Wersja PSBodyShop: 35.0.82
Wersja adaptera Step: 11.0.82
Wersja Solid Edge: 223.00.00.101 x64

Opcje importu STEP
Importuj bry³y uproszczone: W³¹cz
Importuj bry³y kontrolne: Wy³¹cz
Importuj krzywe: W³¹cz
Importuj bez zapisu: W³¹cz
Importuj wiele obiektów jako pojedynczy plik czêœci: W³¹cz
Importuj powierzchnie zszywane: W³¹cz
Importuj obiekty bry³owe operacji Boole'a: W³¹cz
Utwórz element podstawowy: W³¹cz
Upraszczaj geometriê: W³¹cz
Importuj krzywe odciœniête: W³¹cz
Importuj napêd: C:
Importuj powierzchnie zszywane: W³¹cz
Importuj powierzchnie: W³¹cz
Importuj œcie¿kê wyjœciow¹: D:\3d\arduino-robot-tutorial\stepper\files
Importuj domyœln¹ œcie¿kê wyjœciow¹: W³¹cz
Importuj PMI: Wy³¹cz
Importuj jako komponenty wewnêtrzne: Wy³¹cz
Œcie¿ka importu: 

Translacja do typów danych Parasolid...
+Pocz¹tek z³o¿enia: 1
+Utworzono plik z³o¿enia SE D:\3d\arduino-robot-tutorial\stepper\files\28BYJ-48_v5.asm
|--+Utworzono plik czêœci SE D:\3d\arduino-robot-tutorial\stepper\files\28BYJ-48_v5.par
|--+Utworzono plik czêœci SE D:\3d\arduino-robot-tutorial\stepper\files\Spur Gear (24 teeth).par
|--+Utworzono plik czêœci SE D:\3d\arduino-robot-tutorial\stepper\files\Spur Gear (8 teeth).par
Obiektów: 0
|--+Utworzono plik czêœci SE D:\3d\arduino-robot-tutorial\stepper\files\Spur Gear (27 teeth).par
Obiektów: 0
Obiektów: 0
|--+Utworzono plik czêœci SE D:\3d\arduino-robot-tutorial\stepper\files\Spur Gear (9 teeth).par
Obiektów: 0
|--+Utworzono plik czêœci SE D:\3d\arduino-robot-tutorial\stepper\files\Spur Gear (22 teeth).par
|--+Utworzono plik czêœci SE D:\3d\arduino-robot-tutorial\stepper\files\Spur Gear (11 teeth).par
Obiektów: 0
|--+Utworzono plik czêœci SE D:\3d\arduino-robot-tutorial\stepper\files\Spur Gear (32 teeth).par
Obiektów: 0
|--+Utworzono plik czêœci SE D:\3d\arduino-robot-tutorial\stepper\files\Spur Gear (9 teeth) (1).par
+Wszystkich czêœci: 46
+Z³o¿eñ: 0
+Bry³: 46
+Obiektów powierzchniowych: 0
+Koniec z³o¿enia: 1
Proces translacji zosta³ zakoñczony
Ca³kowity czas wymagany do translacji i dalszego przetwarzania:00 : 00 : 06
