Translacja Solid Edge do STL
Data: wtorek,sierpieñ 22,2023 06:44PM
Plik Ÿród³owy:D:\3d\arduino-robot-tutorial\sciana.par
System Ÿród³owy: SOLID EDGE

Sprzêt:
Procesor: AMD Ryzen 7 3700X 8-Core Processor             
System operacyjny: Windows 10 Professional
Zainstalowana pamiêæ: 31,93 GB

Informacje o oprogramowaniu:
Wersja Parasolid: 35.0.149
Wersja PSBodyshop: 35.0.82
Wersja Solid Edge: 223.00.00.101 x64

Opcje eksportu STL:
Format pliku wynikowego:BINARY
Eksport wyœwietlanych czêœci:Wy³.
structureOption: Monolithic
Eksport jednostek:Millimeter
Eksport wartoœci tolerancji:0,050000
Eksport typu tolerancji:Custom
Eksport wartoœci k¹ta p³aszczyzny:0,523599

Postêp translacji:
Etap 1 z 2 pobierania danych Parasolid...
Etap 2 z 2 translacji pliku Parasolid na zewnêtrzne typy danych...
Liczba utworzonych plików STL: 1
Proces translacji zosta³ zakoñczony
Czas wymagany do translacji:00 : 00 : 00
